Installing libgcc-4.4.7-4.el6.x86_64
warning: libgcc-4.4.7-4.el6.x86_64: Header V3 RSA/SHA1 Signature, key ID c105b9de: NOKEY
Installing setup-2.8.14-20.el6_4.1.noarch
Installing tzdata-2013g-1.el6.noarch
Installing filesystem-2.4.30-3.el6.x86_64
Installing mesa-dri-filesystem-9.2-0.5.el6.x86_64
Installing foomatic-db-filesystem-4.0-7.20091126.el6.noarch
Installing latencytop-common-0.5-9.el6.x86_64
Installing tzdata-java-2013g-1.el6.noarch
Installing basesystem-10.0-4.el6.noarch
Installing poppler-data-0.4.0-1.el6.noarch
Installing xml-common-0.6.3-32.el6.noarch
Installing iso-codes-3.16-2.el6.noarch
Installing kernel-headers-2.6.32-431.el6.x86_64
Installing fontpackages-filesystem-1.41-1.1.el6.noarch
Installing dejavu-fonts-common-2.30-2.el6.noarch
Installing mailcap-2.1.31-2.el6.noarch
Installing libX11-common-1.5.0-4.el6.noarch
Installing ncurses-base-5.7-3.20090208.el6.x86_64
Installing glibc-common-2.12-1.132.el6.x86_64
Installing nss-softokn-freebl-3.14.3-9.el6.x86_64
Installing glibc-2.12-1.132.el6.x86_64
Installing ncurses-libs-5.7-3.20090208.el6.x86_64
Installing bash-4.1.2-15.el6_4.x86_64
Installing libattr-2.4.44-7.el6.x86_64
Installing libcap-2.16-5.5.el6.x86_64
Installing zlib-1.2.3-29.el6.x86_64
Installing info-4.13a-8.el6.x86_64
Installing libstdc++-4.4.7-4.el6.x86_64
Installing libcom_err-1.41.12-18.el6.x86_64
Installing dbus-libs-1.2.24-7.el6_3.x86_64
Installing libxml2-2.7.6-14.el6.x86_64
Installing popt-1.13-7.el6.x86_64
Installing chkconfig-1.3.49.3-2.el6_4.1.x86_64
Installing nspr-4.10.0-1.el6.x86_64
Installing audit-libs-2.2-2.el6.x86_64
Installing freetype-2.3.11-14.el6_3.1.x86_64
Installing nss-util-3.15.1-3.el6.x86_64
Installing libacl-2.2.49-6.el6.x86_64
Installing gawk-3.1.7-10.el6.x86_64
Installing libpng-1.2.49-1.el6_2.x86_64
Installing libjpeg-turbo-1.2.1-1.el6.x86_64
Installing db4-4.7.25-18.el6_4.x86_64
Installing elfutils-libelf-0.152-1.el6.x86_64
Installing bzip2-libs-1.0.5-7.el6_0.x86_64
Installing expat-2.0.1-11.el6_2.x86_64
Installing libtalloc-2.0.7-2.el6.x86_64
Installing readline-6.0-4.el6.x86_64
Installing libsepol-2.0.41-4.el6.x86_64
Installing libselinux-2.0.94-5.3.el6_4.1.x86_64
Installing shadow-utils-4.1.4.2-13.el6.x86_64
Installing sed-4.2.1-10.el6.x86_64
Installing cyrus-sasl-lib-2.1.23-13.el6_3.1.x86_64
Installing libtevent-0.9.18-3.el6.x86_64
Installing libuuid-2.17.2-12.14.el6.x86_64
Installing libICE-1.0.6-1.el6.x86_64
Installing libSM-1.2.1-2.el6.x86_64
Installing libblkid-2.17.2-12.14.el6.x86_64
Installing xmlrpc-c-1.16.24-1210.1840.el6.x86_64
Installing tcp_wrappers-libs-7.6-57.el6.x86_64
Installing keyutils-libs-1.4-4.el6.x86_64
Installing krb5-libs-1.10.3-10.el6_4.6.x86_64
Installing libtdb-1.2.10-1.el6.x86_64
Installing findutils-4.4.2-6.el6.x86_64
Installing sqlite-3.6.20-1.el6.x86_64
Installing btparser-0.17-2.el6.x86_64
Installing pciutils-libs-3.1.10-2.el6.x86_64
Installing libnl-1.1.4-2.el6.x86_64
Installing xz-libs-4.999.9-0.3.beta.20091007git.el6.x86_64
Installing libogg-1.1.4-2.1.el6.x86_64
Installing which-2.19-6.el6.x86_64
Installing libidn-1.18-2.el6.x86_64
Installing libcap-ng-0.6.4-3.el6_0.1.x86_64
Installing dbus-1.2.24-7.el6_3.x86_64
Installing libgpg-error-1.7-4.el6.x86_64
Installing libgcrypt-1.4.5-11.el6_4.x86_64
Installing libudev-147-2.51.el6.x86_64
Installing pkgconfig-0.23-9.1.el6.x86_64
Installing elfutils-libs-0.152-1.el6.x86_64
Installing libgssglue-0.1-11.el6.x86_64
Installing procps-3.2.8-25.el6.x86_64
Installing bzip2-1.0.5-7.el6_0.x86_64
Installing pcre-7.8-6.el6.x86_64
Installing grep-2.6.3-4.el6.x86_64
Installing cpio-2.10-11.el6_3.x86_64
Installing binutils-2.20.51.0.2-5.36.el6.x86_64
Installing file-libs-5.04-15.el6.x86_64
Installing libtirpc-0.2.1-6.el6_4.x86_64
Installing libvorbis-1.2.3-4.el6_2.1.x86_64
Installing psmisc-22.6-15.el6_0.1.x86_64
Installing tar-1.23-11.el6.x86_64
Installing lua-5.1.4-4.1.el6.x86_64
Installing libtiff-3.9.4-9.el6_3.x86_64
Installing e2fsprogs-libs-1.41.12-18.el6.x86_64
Installing sysvinit-tools-2.87-5.dsf.el6.x86_64
Installing gdbm-1.8.0-36.el6.x86_64
Installing perl-Pod-Escapes-1.04-136.el6.x86_64
Installing perl-libs-5.10.1-136.el6.x86_64
Installing perl-version-0.77-136.el6.x86_64
Installing perl-Module-Pluggable-3.90-136.el6.x86_64
Installing perl-Pod-Simple-3.13-136.el6.x86_64
Installing perl-5.10.1-136.el6.x86_64
Installing perl-Locale-Maketext-Simple-0.18-136.el6.x86_64
Installing perl-Params-Check-0.26-136.el6.x86_64
Installing perl-Module-Load-0.16-136.el6.x86_64
Installing perl-Module-Load-Conditional-0.30-136.el6.x86_64
Installing perl-Log-Message-0.02-136.el6.x86_64
Installing perl-IO-Compress-Base-2.021-136.el6.x86_64
Installing perl-Package-Constants-0.02-136.el6.x86_64
Installing perl-Compress-Raw-Zlib-2.021-136.el6.x86_64
Installing libtasn1-2.3-3.el6_2.1.x86_64
Installing lcms-libs-1.19-1.el6.x86_64
Installing libmng-1.0.10-4.1.el6.x86_64
Installing p11-kit-0.18.5-2.el6.x86_64
Installing gnutls-2.8.5-10.el6_4.2.x86_64
Installing perl-IO-Compress-Zlib-2.021-136.el6.x86_64
Installing perl-Compress-Zlib-2.021-136.el6.x86_64
Installing perl-IO-Zlib-1.09-136.el6.x86_64
Installing perl-Archive-Tar-1.58-136.el6.x86_64
Installing perl-Log-Message-Simple-0.04-136.el6.x86_64
Installing perl-Term-UI-0.20-136.el6.x86_64
Installing perl-Object-Accessor-0.34-136.el6.x86_64
Installing perl-Module-Loaded-0.02-136.el6.x86_64
Installing perl-Module-CoreList-2.18-136.el6.x86_64
Installing perl-Digest-SHA-5.47-136.el6.x86_64
Installing perl-Compress-Raw-Bzip2-2.021-136.el6.x86_64
Installing perl-CGI-3.51-136.el6.x86_64
Installing perl-URI-1.40-2.el6.noarch
Installing perl-DBI-1.609-4.el6.x86_64
Installing file-5.04-15.el6.x86_64
Installing libtheora-1.1.0-2.el6.x86_64
Installing xz-4.999.9-0.3.beta.20091007git.el6.x86_64
Installing nss-softokn-3.14.3-9.el6.x86_64
Installing libldb-1.1.13-3.el6.x86_64
Installing cyrus-sasl-gssapi-2.1.23-13.el6_3.1.x86_64
Installing keyutils-1.4-4.el6.x86_64
Installing vim-minimal-7.2.411-1.8.el6.x86_64
Installing net-tools-1.60-110.el6_2.x86_64
Installing libselinux-utils-2.0.94-5.3.el6_4.1.x86_64
Installing checkpolicy-2.0.22-1.el6.x86_64
Installing bc-1.06.95-1.el6.x86_64
Installing jasper-libs-1.900.1-15.el6_1.1.x86_64
Installing acl-2.2.49-6.el6.x86_64
Installing avahi-libs-0.6.25-12.el6.x86_64
Installing cups-libs-1.4.2-50.el6_4.5.x86_64
Installing libss-1.41.12-18.el6.x86_64
Installing gmp-4.3.1-7.el6_2.2.x86_64
Installing snappy-1.1.0-1.el6.x86_64
Installing libusb-0.1.12-23.el6.x86_64
Installing make-3.81-20.el6.x86_64
Installing diffutils-2.8.1-28.el6.x86_64
Installing m4-1.4.13-5.el6.x86_64
Installing libtar-1.2.11-17.el6_4.1.x86_64
Installing libfontenc-1.0.5-2.el6.x86_64
Installing libedit-2.11-4.20080712cvs.1.el6.x86_64
Installing numactl-2.0.7-8.el6.x86_64
Installing lzo-2.03-3.1.el6.x86_64
Installing crash-6.1.0-5.el6.x86_64
Installing pth-2.0.7-9.3.el6.x86_64
Installing slang-2.2.1-1.el6.x86_64
Installing newt-0.52.11-3.el6.x86_64
Installing libcollection-0.6.0-9.el6.x86_64
Installing libusb1-1.0.9-0.6.rc1.el6.x86_64
Installing dmidecode-2.11-2.el6.x86_64
Installing libgfortran-4.4.7-4.el6.x86_64
Installing openjpeg-libs-1.3-9.el6_3.x86_64
Installing atlas-3.8.4-2.el6.x86_64
Installing libXfont-1.4.5-2.el6.x86_64
Installing xorg-x11-font-utils-7.2-11.el6.x86_64
Installing e2fsprogs-1.41.12-18.el6.x86_64
Installing xz-lzma-compat-4.999.9-0.3.beta.20091007git.el6.x86_64
Installing perl-DBIx-Simple-1.32-3.el6.noarch
Installing perl-DBD-SQLite-1.27-3.el6.x86_64
Installing perl-IO-Compress-Bzip2-2.021-136.el6.x86_64
Installing p11-kit-trust-0.18.5-2.el6.x86_64
Installing ca-certificates-2013.1.94-65.0.el6.noarch
Installing perl-parent-0.221-136.el6.x86_64
Installing perl-Time-Piece-1.15-136.el6.x86_64
Installing perl-Time-HiRes-1.9721-136.el6.x86_64
Installing perl-Parse-CPAN-Meta-1.40-136.el6.x86_64
Installing perl-HTML-Tagset-3.20-4.el6.noarch
Installing perl-HTML-Parser-3.64-2.el6.x86_64
Installing perl-libwww-perl-5.833-2.el6.noarch
Installing perl-XML-Parser-2.36-7.el6.x86_64
Installing perl-libxml-perl-0.08-10.el6.noarch
Installing gdbm-devel-1.8.0-36.el6.x86_64
Installing tmpwatch-2.9.16-4.el6.x86_64
Installing elfutils-0.152-1.el6.x86_64
Installing shared-mime-info-0.70-4.el6.x86_64
warning: %post(shared-mime-info-0.70-4.el6.x86_64) scriptlet failed, exit status 127
Installing glib2-2.26.1-3.el6.x86_64
Installing gamin-0.1.10-9.el6.x86_64
Installing dbus-glib-0.86-6.el6.x86_64
Installing atk-1.30.0-1.el6.x86_64
Installing libipa_hbac-1.9.2-129.el6.x86_64
Installing eggdbus-0.6-3.el6.x86_64
Installing grubby-7.0.15-5.el6.x86_64
Installing desktop-file-utils-0.15-9.el6.x86_64
Installing gstreamer-tools-0.10.29-1.el6.x86_64
Installing gstreamer-0.10.29-1.el6.x86_64
Installing libgudev1-147-2.51.el6.x86_64
Installing libxslt-1.1.26-2.el6_3.1.x86_64
Installing hal-libs-0.5.14-11.el6.x86_64
Installing flac-1.2.1-6.1.el6.x86_64
Installing iw-3.10-1.1.el6.x86_64
Installing tcp_wrappers-7.6-57.el6.x86_64
Installing libutempter-1.1.5-4.1.el6.x86_64
Installing MAKEDEV-3.24-6.el6.x86_64
Installing patch-2.6-6.el6.x86_64
Installing device-mapper-persistent-data-0.2.8-2.el6.x86_64
Installing db4-utils-4.7.25-18.el6_4.x86_64
Installing ttmkfdir-3.0.9-32.1.el6.x86_64
Installing pinentry-0.7.6-6.el6.x86_64
Installing portreserve-0.0.4-9.el6.x86_64
Installing libnih-1.0.1-7.el6.x86_64
Installing upstart-0.6.5-12.el6_4.1.x86_64
Installing hunspell-1.2.8-16.el6.x86_64
Installing db4-cxx-4.7.25-18.el6_4.x86_64
Installing db4-devel-4.7.25-18.el6_4.x86_64
Installing mesa-private-llvm-3.3-0.3.rc3.el6.x86_64
Installing ed-1.1-3.3.el6.x86_64
Installing time-1.7-37.1.el6.x86_64
Installing libgomp-4.4.7-4.el6.x86_64
Installing libhugetlbfs-2.12-2.el6.x86_64
Installing vim-common-7.2.411-1.8.el6.x86_64
Installing dash-0.5.5.1-4.el6.x86_64
Installing dejavu-sans-fonts-2.30-2.el6.noarch
Installing glibc-headers-2.12-1.132.el6.x86_64
Installing glibc-devel-2.12-1.132.el6.x86_64
Installing perl-Test-Harness-3.17-136.el6.x86_64
Installing perl-ExtUtils-ParseXS-2.2003.0-136.el6.x86_64
Installing perl-ExtUtils-MakeMaker-6.55-136.el6.x86_64
Installing perl-devel-5.10.1-136.el6.x86_64
Installing perl-IPC-Cmd-0.56-136.el6.x86_64
Installing perl-File-Fetch-0.26-136.el6.x86_64
Installing perl-Archive-Extract-0.38-136.el6.x86_64
Installing perl-Test-Simple-0.92-136.el6.x86_64
Installing perl-ExtUtils-CBuilder-0.27-136.el6.x86_64
Installing perl-Module-Build-0.3500-136.el6.x86_64
Installing perl-CPANPLUS-0.88-136.el6.x86_64
Installing perl-ExtUtils-Embed-1.28-136.el6.x86_64
Installing perl-CPAN-1.9402-136.el6.x86_64
Installing cdparanoia-libs-10.2-5.1.el6.x86_64
Installing ncurses-5.7-3.20090208.el6.x86_64
Installing groff-1.18.1.4-21.el6.x86_64
Installing less-436-10.el6.x86_64
Installing coreutils-libs-8.4-31.el6.x86_64
Installing gzip-1.3.12-19.el6_4.x86_64
Installing cracklib-2.8.16-4.el6.x86_64
Installing cracklib-dicts-2.8.16-4.el6.x86_64
Installing coreutils-8.4-31.el6.x86_64
Installing pam-1.1.1-17.el6.x86_64
Installing openssl-1.0.1e-15.el6.x86_64
Installing fontconfig-2.8.0-3.el6.x86_64
Installing module-init-tools-3.9-21.el6_4.x86_64
Installing alsa-lib-1.0.22-3.el6.x86_64
Installing hwdata-0.233-9.1.el6.noarch
Installing qt-4.6.2-26.el6_4.x86_64
Installing jpackage-utils-1.7.5-3.12.el6.noarch
Installing libssh2-1.4.2-1.el6.x86_64
Installing redhat-logos-60.0.14-12.el6.centos.noarch
Installing rpcbind-0.2.0-11.el6.x86_64
Installing plymouth-scripts-0.8.3-27.el6.centos.x86_64
Installing qt-sqlite-4.6.2-26.el6_4.x86_64
Installing pciutils-3.1.10-2.el6.x86_64
Installing libpciaccess-0.13.1-2.el6.x86_64
Installing libsndfile-1.0.20-5.el6.x86_64
Installing xorg-x11-fonts-Type1-7.2-9.1.el6.noarch
Installing urw-fonts-2.4-10.el6.noarch
Installing ghostscript-fonts-5.50-23.1.el6.noarch
Installing poppler-0.12.4-3.el6_0.1.x86_64
Installing poppler-utils-0.12.4-3.el6_0.1.x86_64
Installing wget-1.12-1.8.el6.x86_64
Installing bind-libs-9.8.2-0.17.rc1.el6_4.6.x86_64
Installing bind-utils-9.8.2-0.17.rc1.el6_4.6.x86_64
Installing mysql-libs-5.1.71-1.el6.x86_64
Installing fipscheck-lib-1.2.0-7.el6.x86_64
Installing fipscheck-1.2.0-7.el6.x86_64
Installing at-3.1.10-43.el6_2.1.x86_64
Installing pam_krb5-2.3.11-9.el6.x86_64
Installing krb5-workstation-1.10.3-10.el6_4.6.x86_64
Installing sssd-client-1.9.2-129.el6.x86_64
Installing ConsoleKit-libs-0.4.1-3.el6.x86_64
Installing polkit-0.96-5.el6_4.x86_64
Installing ConsoleKit-0.4.1-3.el6.x86_64
Installing cvs-1.11.23-16.el6.x86_64
Installing logrotate-3.7.8-17.el6.x86_64
Installing nss-3.15.1-15.el6.x86_64
Installing nss-sysinit-3.15.1-15.el6.x86_64
Installing mailx-12.4-7.el6.x86_64
Installing nss-tools-3.15.1-15.el6.x86_64
Installing openldap-2.4.23-32.el6_4.1.x86_64
Installing libcurl-7.19.7-37.el6_4.x86_64
Installing xmlrpc-c-client-1.16.24-1210.1840.el6.x86_64
Installing curl-7.19.7-37.el6_4.x86_64
Installing rpm-libs-4.8.0-37.el6.x86_64
Installing rpm-4.8.0-37.el6.x86_64
Installing man-1.6f-32.el6.x86_64
Installing gnupg2-2.0.14-6.el6_4.x86_64
Installing libuser-0.56.13-5.el6.x86_64
Installing passwd-0.77-4.el6_2.2.x86_64
Installing gpgme-1.1.8-3.el6.x86_64
Installing nss_compat_ossl-0.9.6-1.el6.x86_64
Installing xdg-utils-1.0.2-17.20091016cvs.el6.noarch
Installing hicolor-icon-theme-0.11-1.1.el6.noarch
Installing jline-0.9.94-0.8.el6.noarch
Installing rhino-1.7-0.7.r2.2.el6.noarch
Installing libaio-0.3.107-10.el6.x86_64
Installing ethtool-3.5-1.el6.x86_64
Installing hesiod-3.1.0-19.el6.x86_64
Installing mingetty-1.08-5.el6.x86_64
Installing libsss_autofs-1.9.2-129.el6.x86_64
Installing sg3_utils-libs-1.28-5.el6.x86_64
Installing libevent-1.4.13-4.el6.x86_64
Installing plymouth-core-libs-0.8.3-27.el6.centos.x86_64
Installing hdparm-9.43-4.el6.x86_64
Installing libsss_idmap-1.9.2-129.el6.x86_64
Installing libdhash-0.4.2-9.el6.x86_64
Installing c-ares-1.7.0-6.el6.x86_64
Installing libpcap-1.4.0-1.20130826git2dbcaa1.el6.x86_64
Installing gpm-libs-1.20.6-12.el6.x86_64
Installing pixman-0.26.2-5.el6_4.x86_64
Installing sgpio-1.2.0.10-5.el6.x86_64
Installing libref_array-0.1.1-9.el6.x86_64
Installing libpath_utils-0.2.1-9.el6.x86_64
Installing libini_config-0.6.1-9.el6.x86_64
Installing ustr-1.0.4-9.1.el6.x86_64
Installing libsemanage-2.0.43-4.2.el6.x86_64
Installing libasyncns-0.8-1.1.el6.x86_64
Installing libffi-3.0.5-3.2.el6.x86_64
Installing python-2.6.6-51.el6.x86_64
Installing python-libs-2.6.6-51.el6.x86_64
Installing rpm-python-4.8.0-37.el6.x86_64
Installing newt-python-0.52.11-3.el6.x86_64
Installing authconfig-6.1.12-13.el6.x86_64
Installing python-ldap-2.3.10-1.el6.x86_64
Installing libxml2-python-2.7.6-14.el6.x86_64
Installing sos-2.2-47.el6.centos.noarch
Installing python-ethtool-0.6-5.el6.x86_64
Installing yum-metadata-parser-1.1.2-16.el6.x86_64
Installing pygpgme-0.1-18.20090824bzr68.el6.x86_64
Installing python-nss-0.13-1.el6.x86_64
Installing python-kerberos-1.1-6.2.el6.x86_64
Installing python-lxml-2.2.3-1.1.el6.x86_64
Installing pyOpenSSL-0.10-2.el6.x86_64
Installing libipa_hbac-python-1.9.2-129.el6.x86_64
Installing python-crypto-2.0.1-22.el6.x86_64
Installing python-paramiko-1.7.5-2.1.el6.noarch
Installing python-pycurl-7.19.0-8.el6.x86_64
Installing python-urlgrabber-3.9.1-9.el6.noarch
Installing pytalloc-2.0.7-2.el6.x86_64
Installing samba4-libs-4.0.0-58.el6.rc4.x86_64
Installing blktrace-1.0.1-6.el6.x86_64
Installing python-krbV-1.0.90-3.el6.x86_64
Installing dbus-python-0.83.0-6.1.el6.x86_64
Installing python-iniparse-0.3.1-2.1.el6.noarch
Installing yum-plugin-fastestmirror-1.1.30-14.el6.noarch
Installing yum-3.2.29-40.el6.centos.noarch
Installing python-netaddr-0.7.5-4.el6.noarch
Installing pytz-2010h-2.el6.noarch
Installing python-dateutil-1.4.1-6.el6.noarch
Installing gettext-0.17-16.el6.x86_64
Installing libproxy-bin-0.3.0-4.el6_3.x86_64
Installing libproxy-0.3.0-4.el6_3.x86_64
Installing libproxy-python-0.3.0-4.el6_3.x86_64
Installing libreport-plugin-rhtsupport-2.0.9-19.el6.centos.x86_64
Installing libreport-python-2.0.9-19.el6.centos.x86_64
Installing libreport-compat-2.0.9-19.el6.centos.x86_64
Installing libreport-2.0.9-19.el6.centos.x86_64
Installing libreport-plugin-reportuploader-2.0.9-19.el6.centos.x86_64
Installing abrt-libs-2.0.8-21.el6.centos.x86_64
Installing abrt-2.0.8-21.el6.centos.x86_64
Installing abrt-addon-ccpp-2.0.8-21.el6.centos.x86_64
Installing abrt-addon-python-2.0.8-21.el6.centos.x86_64
Installing abrt-tui-2.0.8-21.el6.centos.x86_64
Installing libreport-plugin-kerneloops-2.0.9-19.el6.centos.x86_64
Installing abrt-addon-kerneloops-2.0.8-21.el6.centos.x86_64
Installing libreport-plugin-mailx-2.0.9-19.el6.centos.x86_64
Installing libreport-plugin-logger-2.0.9-19.el6.centos.x86_64
Installing libreport-cli-2.0.9-19.el6.centos.x86_64
Installing python-setuptools-0.6.10-3.el6.noarch
Installing python-nose-0.10.4-3.1.el6.noarch
Installing numpy-1.4.1-9.el6.x86_64
Installing pax-3.4-10.1.el6.x86_64
Installing SDL-1.2.14-3.el6.x86_64
Installing theora-tools-1.1.0-2.el6.x86_64
Installing libXau-1.0.6-4.el6.x86_64
Installing libxcb-1.8.1-1.el6.x86_64
Installing libX11-1.5.0-4.el6.x86_64
Installing libXext-1.3.1-2.el6.x86_64
Installing libXrender-0.9.7-2.el6.x86_64
Installing cairo-1.8.8-3.1.el6.x86_64
Installing libXi-1.6.1-3.el6.x86_64
Installing libXfixes-5.0-3.el6.x86_64
Installing libXtst-1.2.1-2.el6.x86_64
Installing libXcursor-1.1.13-6.20130524git8f677eaea.el6.x86_64
Installing libXrandr-1.4.0-1.el6.x86_64
Installing libXft-2.3.1-2.el6.x86_64
Installing libXinerama-1.1.2-2.el6.x86_64
Installing pulseaudio-libs-0.9.21-14.el6_3.x86_64
Installing libXdamage-1.1.3-4.el6.x86_64
Installing giflib-4.1.6-3.1.el6.x86_64
Installing libXt-1.1.3-1.el6.x86_64
Installing ghostscript-8.70-19.el6.x86_64
Installing java-1.7.0-openjdk-1.7.0.45-2.4.3.3.el6.x86_64
Installing qt3-3.3.8b-30.el6.x86_64
Installing pycairo-1.8.6-2.1.el6.x86_64
Installing libXxf86vm-1.1.2-2.el6.x86_64
Installing libXv-1.0.7-2.el6.x86_64
Installing libXcomposite-0.4.3-4.el6.x86_64
Installing libthai-0.1.12-3.el6.x86_64
Installing pango-1.28.1-7.el6_3.x86_64
Installing gtk2-2.20.1-4.el6.x86_64
Installing python-matplotlib-0.99.1.2-1.el6.x86_64
Installing libfprint-0.1.0-19.pre2.el6.x86_64
Installing fprintd-0.1-21.git04fd09cfa.el6.x86_64
Installing liboil-0.3.16-4.1.el6.x86_64
Installing libvisual-0.4.0-9.1.el6.x86_64
Installing gstreamer-plugins-base-0.10.29-2.el6.x86_64
Installing busybox-1.15.1-20.el6.x86_64
Installing kbd-misc-1.15-11.el6.noarch
Installing centos-release-6-5.el6.centos.11.1.x86_64
Installing policycoreutils-2.0.83-19.39.el6.x86_64
Installing iptables-1.4.7-11.el6.x86_64
Installing iproute-2.6.32-31.el6.x86_64
Installing iputils-20071127-17.el6_4.2.x86_64
Installing util-linux-ng-2.17.2-12.14.el6.x86_64
Installing initscripts-9.03.40-2.el6.centos.x86_64
Installing udev-147-2.51.el6.x86_64
Installing libdrm-2.4.45-2.el6.x86_64
Installing mesa-libGL-9.2-0.5.el6.x86_64
Installing mesa-dri1-drivers-7.11-8.el6.x86_64
Installing mesa-dri-drivers-9.2-0.5.el6.x86_64
Installing mesa-libGLU-9.2-0.5.el6.x86_64
Installing device-mapper-libs-1.02.79-8.el6.x86_64
Installing device-mapper-1.02.79-8.el6.x86_64
Installing device-mapper-event-libs-1.02.79-8.el6.x86_64
Installing cups-1.4.2-50.el6_4.5.x86_64
Installing device-mapper-event-1.02.79-8.el6.x86_64
Installing kpartx-0.4.9-72.el6.x86_64
Installing qt-x11-4.6.2-26.el6_4.x86_64
Installing phonon-backend-gstreamer-4.6.2-26.el6_4.x86_64
Installing kbd-1.15-11.el6.x86_64
Installing openssh-5.3p1-94.el6.x86_64
Installing samba-common-3.6.9-164.el6.x86_64
Installing samba-winbind-clients-3.6.9-164.el6.x86_64
Installing samba-winbind-3.6.9-164.el6.x86_64
Installing nfs-utils-lib-1.1.5-6.el6.x86_64
Installing nfs-utils-1.2.3-39.el6.x86_64
Installing usermode-1.102-3.el6.x86_64
Installing dmraid-events-1.0.0.rc16-11.el6.x86_64
Installing dmraid-1.0.0.rc16-11.el6.x86_64
Installing lvm2-libs-2.02.100-8.el6.x86_64
Installing foomatic-db-ppds-4.0-7.20091126.el6.noarch
Installing foomatic-db-4.0-7.20091126.el6.noarch
Installing foomatic-4.0.4-3.el6.x86_64
Installing cryptsetup-luks-libs-1.2.0-7.el6.x86_64
Installing cryptsetup-luks-1.2.0-7.el6.x86_64
Installing pm-utils-1.2.5-10.el6.x86_64
Installing hal-info-20090716-3.1.el6.noarch
Installing hal-0.5.14-11.el6.x86_64
Installing plymouth-0.8.3-27.el6.centos.x86_64
Installing dracut-004-335.el6.noarch
Installing dracut-kernel-004-335.el6.noarch
Installing mdadm-3.2.6-7.el6.x86_64
Installing crda-1.1.1_2010.11.22-1.el6.x86_64
Installing wireless-tools-29-5.1.1.el6.x86_64
Installing python-iwlib-0.1-1.2.el6.x86_64
Installing ntpdate-4.2.6p5-1.el6.centos.x86_64
Installing ntp-4.2.6p5-1.el6.centos.x86_64
Installing rsyslog-5.8.10-8.el6.x86_64
Installing yp-tools-2.9-12.el6.x86_64
Installing ypbind-1.20.4-30.el6.x86_64
Installing sssd-1.9.2-129.el6.x86_64
Installing certmonger-0.61-3.el6.x86_64
Installing oddjob-0.30-5.el6.x86_64
Installing oddjob-mkhomedir-0.30-5.el6.x86_64
Installing cyrus-sasl-2.1.23-13.el6_3.1.x86_64
Installing postfix-2.6.6-2.2.el6_1.x86_64
Installing crontabs-1.10-33.el6.noarch
Installing cronie-anacron-1.4.4-12.el6.x86_64
Installing cronie-1.4.4-12.el6.x86_64
Installing redhat-lsb-core-4.0-7.el6.centos.x86_64
Installing libcgroup-0.40.rc1-5.el6.x86_64
Installing redhat-lsb-printing-4.0-7.el6.centos.x86_64
Installing redhat-lsb-graphics-4.0-7.el6.centos.x86_64
Installing redhat-lsb-compat-4.0-7.el6.centos.x86_64
Installing redhat-lsb-4.0-7.el6.centos.x86_64
Installing ipa-python-3.0.0-37.el6.x86_64
Installing iptables-ipv6-1.4.7-11.el6.x86_64
Installing system-config-firewall-base-1.2.27-5.el6.noarch
Installing selinux-policy-3.7.19-231.el6.noarch
Installing dhcp-common-4.1.1-38.P1.el6.centos.x86_64
Installing kernel-firmware-2.6.32-431.el6.noarch
Installing kernel-2.6.32-431.el6.x86_64
Installing autofs-5.0.5-88.el6.x86_64
Installing ipa-client-3.0.0-37.el6.x86_64
Installing systemtap-runtime-2.3-3.el6.x86_64
Installing irqbalance-1.0.4-6.el6.x86_64
Installing pcmciautils-015-4.2.el6.x86_64
Installing dhclient-4.1.1-38.P1.el6.centos.x86_64
Installing selinux-policy-targeted-3.7.19-231.el6.noarch
Installing system-config-firewall-tui-1.2.27-5.el6.noarch
Installing numad-0.5-9.20130814git.el6.x86_64
Installing sysstat-9.0.4-22.el6.x86_64
Installing system-config-network-tui-1.6.0.el6.2-1.el6.noarch
Installing kexec-tools-2.0.0-273.el6.x86_64
Installing lvm2-2.02.100-8.el6.x86_64
Installing setuptool-1.19.9-4.el6.x86_64
Installing samba-client-3.6.9-164.el6.x86_64
Installing cifs-utils-4.8.1-19.el6.x86_64
Installing openssh-clients-5.3p1-94.el6.x86_64
Installing openssh-server-5.3p1-94.el6.x86_64
Installing parted-2.1-21.el6.x86_64
Installing biosdevname-0.5.0-2.el6.x86_64
Installing bfa-firmware-3.2.21.1-2.el6.noarch
Installing iwl5150-firmware-8.24.2.2-1.el6.noarch
Installing iwl100-firmware-39.31.5.1-1.el6.noarch
Installing iwl6050-firmware-41.28.5.1-2.el6.noarch
Installing b43-openfwwf-5.2-4.el6.noarch
Installing iwl6000g2a-firmware-17.168.5.3-1.el6.noarch
Installing aic94xx-firmware-30-2.el6.noarch
Installing iwl6000-firmware-9.221.4.1-1.el6.noarch
Installing iwl1000-firmware-39.31.5.1-1.el6.noarch
Installing quota-3.17-20.el6.x86_64
Installing acpid-1.0.10-2.1.el6.x86_64
Installing rng-tools-2-13.el6_2.x86_64
Installing readahead-1.5.6-2.el6.x86_64
Installing microcode_ctl-1.17-17.el6.x86_64
Installing cpuspeed-1.5-20.el6_4.x86_64
Installing smartmontools-5.43-1.el6.x86_64
Installing virt-what-1.11-1.2.el6.x86_64
Installing prelink-0.4.6-3.1.el6_4.x86_64
Installing fprintd-pam-0.1-21.git04fd09cfa.el6.x86_64
Installing seekwatcher-0.12-5.el6.noarch
Installing latencytop-0.5-9.el6.x86_64
Installing java-1.6.0-openjdk-1.6.0.0-1.66.1.13.0.el6.x86_64
Installing hwloc-1.5-1.el6.x86_64
Installing abrt-cli-2.0.8-21.el6.centos.x86_64
Installing yum-plugin-security-1.1.30-14.el6.noarch
Installing yum-utils-1.1.30-14.el6.noarch
Installing cas-0.15-1.el6.1.noarch
Installing vim-enhanced-7.2.411-1.8.el6.x86_64
Installing gdb-7.2-60.el6_4.1.x86_64
Installing perf-2.6.32-431.el6.x86_64
Installing grub-0.97-83.el6.x86_64
Installing libhugetlbfs-utils-2.12-2.el6.x86_64
Installing iotop-0.3.2-7.el6.noarch
Installing dstat-0.7.0-1.el6.noarch
Installing tcpdump-4.0.0-3.20090921gitdf3cb4.2.el6.x86_64
Installing ledmon-0.78-1.el6.x86_64
Installing pinfo-0.6.9-12.el6.x86_64
Installing elinks-0.12-0.21.pre5.el6_3.x86_64
Installing man-pages-overrides-6.5.2-1.el6.noarch
Installing sudo-1.8.6p3-12.el6.x86_64
Installing usbutils-003-4.el6.x86_64
Installing alsa-utils-1.0.22-5.el6.x86_64
Installing perl-Crypt-SSLeay-0.57-16.el6.x86_64
Installing pam_passwdqc-1.0.5-6.el6.x86_64
Installing psacct-6.3.2-63.el6_3.3.x86_64
Installing tcsh-6.17-24.el6.x86_64
Installing audit-2.2-2.el6.x86_64
Installing powertop-2.3-3.el6.x86_64
Installing perl-core-5.10.1-136.el6.x86_64
Installing hunspell-en-0.20090216-7.1.el6.noarch
Installing latencytop-tui-0.5-9.el6.x86_64
Installing perl-XML-Grove-0.46alpha-40.el6.noarch
Installing perl-XML-Twig-3.34-1.el6.noarch
Installing perl-XML-Dumper-0.81-8.el6.noarch
Installing ntsysv-1.3.49.3-2.el6_4.1.x86_64
Installing crash-gcore-command-1.0-5.el6.x86_64
Installing valgrind-3.8.1-3.2.el6.x86_64
Installing oprofile-0.9.7-1.el6.x86_64
Installing mlocate-0.22.2-4.el6.x86_64
Installing efibootmgr-0.5.4-11.el6.x86_64
Installing cyrus-sasl-plain-2.1.23-13.el6_3.1.x86_64
Installing lsof-4.82-4.el6.x86_64
Installing unzip-6.0-1.el6.x86_64
Installing ltrace-0.5-23.45svn.el6.x86_64
Installing rsync-3.0.6-9.el6_4.1.x86_64
Installing nano-2.0.9-7.el6.x86_64
Installing attr-2.4.44-7.el6.x86_64
Installing nfs4-acl-tools-0.3.3-6.el6.x86_64
Installing scl-utils-20120927-8.el6.x86_64
Installing mcelog-1.0pre3_20120814_2-0.13.el6.x86_64
Installing libitm-4.8.1-4.2.1.el6.x86_64
Installing mtr-0.75-5.el6.x86_64
Installing traceroute-2.0.14-2.el6.x86_64
Installing setserial-2.17-25.el6.x86_64
Installing vconfig-1.9-8.1.el6.x86_64
Installing zip-3.0-1.el6.x86_64
Installing dosfstools-3.0.9-4.el6.x86_64
Installing rfkill-0.3-4.el6.x86_64
Installing rdate-1.4-16.el6.x86_64
Installing bridge-utils-1.2-10.el6.x86_64
Installing eject-2.1.5-17.el6.x86_64
Installing strace-4.5.19-1.17.el6.x86_64
Installing b43-fwcutter-012-2.2.el6.x86_64
Installing latrace-0.5.9-2.el6.x86_64
Installing trace-cmd-1.0.5-10.el6.x86_64
Installing crash-trace-command-1.0-4.el6.x86_64
Installing libtopology-0.3-7.el6.x86_64
Installing ql2400-firmware-7.00.01-1.el6.noarch
Installing iwl5000-firmware-8.83.5.1_1-1.el6_1.1.noarch
Installing ql2100-firmware-1.19.38-3.1.el6.noarch
Installing ivtv-firmware-20080701-20.2.noarch
Installing libertas-usb8388-firmware-5.110.22.p23-3.1.el6.noarch
Installing xorg-x11-drv-ati-firmware-7.1.0-3.el6.noarch
Installing ql2500-firmware-7.00.01-1.el6.noarch
Installing atmel-firmware-1.3-7.el6.noarch
Installing zd1211-firmware-1.4-4.el6.noarch
Installing iwl4965-firmware-228.61.2.24-2.1.el6.noarch
Installing rt61pci-firmware-1.2-7.el6.noarch
Installing iwl3945-firmware-15.32.2.9-4.el6.noarch
Installing ql2200-firmware-2.02.08-3.1.el6.noarch
Installing rt73usb-firmware-1.8-7.el6.noarch
Installing ipw2100-firmware-1.3-11.el6.noarch
Installing ql23xx-firmware-3.03.27-3.1.el6.noarch
Installing ipw2200-firmware-3.1-4.el6.noarch
Installing rootfiles-8.1-6.1.el6.noarch
Installing man-pages-3.22-20.el6.noarch
Installing words-3.0-17.el6.noarch
Installing centos-indexhtml-6-1.el6.centos.noarch
*** FINISHED INSTALLING PACKAGES ***